<?xml version="1.0" encoding="UTF-8"?>
<robot generator="Robot 3.2.2 (Python 3.9.1 on win32)" generated="20210218 14:43:56.613" rpa="false">
<suite id="s1" name="TC SurveyConduct" source="C:\Users\Saringkan\eclipse-workspace\FB_demo\TestCases\TC_SurveyConduct.robot">
<test id="s1-t1" name="TC_01_01">
<kw name="SurveyConduct">
<arguments>
<arg>1</arg>
<arg>1</arg>
<arg>อาหารหมด พนักงานไม่ค่อยดู</arg>
</arguments>
<kw name="Open Browser" library="Selenium2Library">
<doc>Opens a new browser instance to the optional ``url``.</doc>
<arguments>
<arg>${urlSurveyConduct}</arg>
<arg>${BROWSER}</arg>
</arguments>
<msg timestamp="20210218 14:43:56.832" level="INFO">Opening browser 'headlesschrome' to base url 'https://surveyconduct.feedback180.com/pz5df73e'.</msg>
<status status="PASS" starttime="20210218 14:43:56.832" endtime="20210218 14:44:01.893"></status>
</kw>
<kw name="Wait Until Page Contains Element" library="Selenium2Library">
<doc>Waits until the element ``locator`` appears on the current page.</doc>
<arguments>
<arg>${btnStart}</arg>
<arg>20</arg>
<arg>None</arg>
</arguments>
<status status="PASS" starttime="20210218 14:44:01.893" endtime="20210218 14:44:02.337"></status>
</kw>
<kw name="Click Button" library="Selenium2Library">
<doc>Clicks the button identified by ``locator``.</doc>
<arguments>
<arg>${btnStart}</arg>
</arguments>
<msg timestamp="20210218 14:44:02.338" level="INFO">Clicking button 'xpath=//button'.</msg>
<status status="PASS" starttime="20210218 14:44:02.337" endtime="20210218 14:44:02.458"></status>
</kw>
<kw name="Click Element" library="Selenium2Library">
<doc>Click the element identified by ``locator``.</doc>
<arguments>
<arg>xpath=//div[@class='page_body']/descendant::div[@class='question_element'][1]/div/div/descendant::div[${npsScore}]</arg>
</arguments>
<msg timestamp="20210218 14:44:02.459" level="INFO">Clicking element 'xpath=//div[@class='page_body']/descendant::div[@class='question_element'][1]/div/div/descendant::div[1]'.</msg>
<status status="PASS" starttime="20210218 14:44:02.458" endtime="20210218 14:44:02.512"></status>
</kw>
<kw name="Click Element" library="Selenium2Library">
<doc>Click the element identified by ``locator``.</doc>
<arguments>
<arg>xpath=//div[@class='page_body']/descendant::div[@class='question_element'][2]/div/div/descendant::div[${ratingVote}]</arg>
</arguments>
<msg timestamp="20210218 14:44:02.513" level="INFO">Clicking element 'xpath=//div[@class='page_body']/descendant::div[@class='question_element'][2]/div/div/descendant::div[1]'.</msg>
<status status="PASS" starttime="20210218 14:44:02.513" endtime="20210218 14:44:02.607"></status>
</kw>
<kw name="Input Text" library="Selenium2Library">
<doc>Types the given ``text`` into the text field identified by ``locator``.</doc>
<arguments>
<arg>${inputText}</arg>
<arg>${Text}</arg>
</arguments>
<msg timestamp="20210218 14:44:02.608" level="INFO">Typing text 'อาหารหมด พนักงานไม่ค่อยดู' into text field 'xpath=//textarea'.</msg>
<status status="PASS" starttime="20210218 14:44:02.607" endtime="20210218 14:44:02.713"></status>
</kw>
<kw name="Click Button" library="Selenium2Library">
<doc>Clicks the button identified by ``locator``.</doc>
<arguments>
<arg>${btnSubmit}</arg>
</arguments>
<msg timestamp="20210218 14:44:02.714" level="INFO">Clicking button 'xpath=//div/button[@class='survey_button button_next']'.</msg>
<status status="PASS" starttime="20210218 14:44:02.713" endtime="20210218 14:44:02.799"></status>
</kw>
<kw name="Sleep" library="BuiltIn">
<doc>Pauses the test executed for the given time.</doc>
<arguments>
<arg>5s</arg>
</arguments>
<msg timestamp="20210218 14:44:07.808" level="INFO">Slept 5 seconds</msg>
<status status="PASS" starttime="20210218 14:44:02.799" endtime="20210218 14:44:07.808"></status>
</kw>
<kw name="Close Browser" library="Selenium2Library">
<doc>Closes the current browser.</doc>
<status status="PASS" starttime="20210218 14:44:07.808" endtime="20210218 14:44:09.880"></status>
</kw>
<status status="PASS" starttime="20210218 14:43:56.831" endtime="20210218 14:44:09.880"></status>
</kw>
<status status="PASS" starttime="20210218 14:43:56.831" endtime="20210218 14:44:09.883" critical="yes"></status>
</test>
<test id="s1-t2" name="TC_01_02">
<kw name="SurveyConduct">
<arguments>
<arg>2</arg>
<arg>2</arg>
<arg>อาหารรู้สึกไม่ค่อยสด</arg>
</arguments>
<kw name="Open Browser" library="Selenium2Library">
<doc>Opens a new browser instance to the optional ``url``.</doc>
<arguments>
<arg>${urlSurveyConduct}</arg>
<arg>${BROWSER}</arg>
</arguments>
<msg timestamp="20210218 14:44:09.885" level="INFO">Opening browser 'headlesschrome' to base url 'https://surveyconduct.feedback180.com/pz5df73e'.</msg>
<kw name="Capture Page Screenshot" library="Selenium2Library">
<doc>Takes a screenshot of the current page and embeds it into a log file.</doc>
<status status="FAIL" starttime="20210218 14:44:14.692" endtime="20210218 14:44:14.692"></status>
</kw>
<msg timestamp="20210218 14:44:14.692" level="WARN">Keyword 'Capture Page Screenshot' could not be run on failure: Execution terminated by signal</msg>
<status status="FAIL" starttime="20210218 14:44:09.885" endtime="20210218 14:44:14.693"></status>
</kw>
<status status="FAIL" starttime="20210218 14:44:09.884" endtime="20210218 14:44:14.693"></status>
</kw>
<status status="FAIL" starttime="20210218 14:44:09.884" endtime="20210218 14:44:14.694" critical="yes">Execution terminated by signal</status>
</test>
<test id="s1-t3" name="TC_01_03">
<tags>
<tag>robot:exit</tag>
</tags>
<status status="FAIL" starttime="20210218 14:44:14.695" endtime="20210218 14:44:14.695" critical="yes">Test execution stopped due to a fatal error.</status>
</test>
<test id="s1-t4" name="TC_01_04">
<tags>
<tag>robot:exit</tag>
</tags>
<status status="FAIL" starttime="20210218 14:44:14.696" endtime="20210218 14:44:14.697" critical="yes">Test execution stopped due to a fatal error.</status>
</test>
<test id="s1-t5" name="TC_01_05">
<tags>
<tag>robot:exit</tag>
</tags>
<status status="FAIL" starttime="20210218 14:44:14.698" endtime="20210218 14:44:14.699" critical="yes">Test execution stopped due to a fatal error.</status>
</test>
<test id="s1-t6" name="TC_01_06">
<tags>
<tag>robot:exit</tag>
</tags>
<status status="FAIL" starttime="20210218 14:44:14.700" endtime="20210218 14:44:14.701" critical="yes">Test execution stopped due to a fatal error.</status>
</test>
<test id="s1-t7" name="TC_01_07">
<tags>
<tag>robot:exit</tag>
</tags>
<status status="FAIL" starttime="20210218 14:44:14.703" endtime="20210218 14:44:14.703" critical="yes">Test execution stopped due to a fatal error.</status>
</test>
<test id="s1-t8" name="TC_01_08">
<tags>
<tag>robot:exit</tag>
</tags>
<status status="FAIL" starttime="20210218 14:44:14.704" endtime="20210218 14:44:14.705" critical="yes">Test execution stopped due to a fatal error.</status>
</test>
<test id="s1-t9" name="TC_01_09">
<tags>
<tag>robot:exit</tag>
</tags>
<status status="FAIL" starttime="20210218 14:44:14.707" endtime="20210218 14:44:14.708" critical="yes">Test execution stopped due to a fatal error.</status>
</test>
<test id="s1-t10" name="TC_01_10">
<tags>
<tag>robot:exit</tag>
</tags>
<status status="FAIL" starttime="20210218 14:44:14.709" endtime="20210218 14:44:14.709" critical="yes">Test execution stopped due to a fatal error.</status>
</test>
<status status="FAIL" starttime="20210218 14:43:56.615" endtime="20210218 14:44:14.711"></status>
</suite>
<statistics>
<total>
<stat pass="1" fail="9">Critical Tests</stat>
<stat pass="1" fail="9">All Tests</stat>
</total>
<tag>
<stat pass="1" fail="1" info="combined" combined="NOT robot:exit">NOT robot:exit</stat>
<stat pass="0" fail="8">robot:exit</stat>
</tag>
<suite>
<stat pass="1" fail="9" id="s1" name="TC SurveyConduct">TC SurveyConduct</stat>
</suite>
</statistics>
<errors>
<msg timestamp="20210218 14:44:14.692" level="WARN">Keyword 'Capture Page Screenshot' could not be run on failure: Execution terminated by signal</msg>
</errors>
</robot>
